<?xml version="1.0" encoding="UTF-8"?>
<!-- Generated by org.testng.reporters.JUnitReportReporter -->
<testsuite skipped="0" hostname="RDU-WD-2653" name="testScripts.StreakBreakerTest" tests="1" failures="0" timestamp="15 Nov 2017 15:36:33 GMT" time="46.100" errors="0">
  <testcase name="TestStreakBreak" time="46.100" classname="testScripts.StreakBreakerTest"/>
</testsuite> <!-- testScripts.StreakBreakerTest -->
