<?xml version="1.0" encoding="UTF-8"?>
<!-- Generated by org.testng.reporters.JUnitReportReporter -->
<testsuite skipped="0" hostname="RDU-WD-2653" name="testScripts.CheckCountersTest" tests="1" failures="0" timestamp="15 Nov 2017 15:36:33 GMT" time="124.108" errors="0">
  <testcase name="CountersTest" time="124.108" classname="testScripts.CheckCountersTest"/>
</testsuite> <!-- testScripts.CheckCountersTest -->
