<?xml version="1.0" encoding="UTF-8"?>
<!-- Generated by org.testng.reporters.JUnitReportReporter -->
<testsuite skipped="0" hostname="RDU-WD-2653" name="testScripts.CheckTitleScript" tests="2" failures="0" timestamp="15 Nov 2017 15:36:33 GMT" time="7.386" errors="0">
  <testcase name="TitlePresentScript" time="4.229" classname="testScripts.CheckTitleScript"/>
  <testcase name="TitlePresentScript" time="3.157" classname="testScripts.CheckTitleScript"/>
</testsuite> <!-- testScripts.CheckTitleScript -->
