<?xml version="1.0" encoding="UTF-8"?>
<!-- Generated by org.testng.reporters.JUnitReportReporter -->
<testsuite skipped="0" hostname="RDU-WD-2653" name="testScripts.AttemptsIncrementsScript" tests="1" failures="0" timestamp="15 Nov 2017 15:36:33 GMT" time="3.832" errors="0">
  <testcase name="AttemptsIncrementTest" time="3.832" classname="testScripts.AttemptsIncrementsScript"/>
</testsuite> <!-- testScripts.AttemptsIncrementsScript -->
